=========================================================
Job Array ID: 7406467_1
模型配置: I20/R5
运行节点: gpu1-20
开始时间: Fri 24 Oct 2025 09:48:08 PM CST
GPU信息:
Sat May 24 21:48:08 2025       
+---------------------------------------------------------------------------------------+
| NVIDIA-SMI 535.54.03              Driver Version: 535.54.03    CUDA Version: 12.2     |
|-----------------------------------------+----------------------+----------------------+
| GPU  Name                 Persistence-M | Bus-Id        Disp.A | Volatile Uncorr. ECC |
| Fan  Temp   Perf          Pwr:Usage/Cap |         Memory-Usage | GPU-Util  Compute M. |
|                                         |                      |               MIG M. |
|=========================================+======================+======================|
|   0  NVIDIA A800-SXM4-80GB          On  | 00000000:CF:00.0 Off |                    0 |
| N/A   26C    P0              63W / 400W |      6MiB / 81920MiB |      0%      Default |
|                                         |                      |             Disabled |
+-----------------------------------------+----------------------+----------------------+
                                                                                         
+---------------------------------------------------------------------------------------+
| Processes:                                                                            |
|  GPU   GI   CI        PID   Type   Process name                            GPU Memory |
|        ID   ID                                                             Usage      |
|=======================================================================================|
|  No running processes found                                                           |
+---------------------------------------------------------------------------------------+
=========================================================
Model will be saved to: /hpc2hdd/home/jliu043/CNN_Replicate/results/D20L3F53S31D21MP21F53S11D11MP21F53S11D11MP21C64/20d5p-lr1E-04-dp0.50-maTrue-vbTrue-weeklyTrained-noDelayedReturn
Portfolio results will be saved to: /hpc2hdd/home/jliu043/CNN_Replicate/results/portfolio/USA_D20L3F53S31D21MP21F53S11D11MP21F53S11D11MP21C64_20d5p-lr1E-04-dp0.50-maTrue-vbTrue-weeklyTrained-noDelayedReturn_ensem1

开始训练 I20/R5 模型...
开始训练 I20/R5 的 1 个模型...
训练模型 1/1 (I20/R5)
Found dataset files: /hpc2hdd/home/jliu043/CNN_Replicate/data/stocks_dataset/stocks_USA/dataset_daily_full/full_data_7404541_w20_y1993_20d_daily_has_vb_[20]_ma_1993_images.dat and /hpc2hdd/home/jliu043/CNN_Replicate/data/stocks_dataset/stocks_USA/dataset_daily_full/full_data_7404541_w20_y1993_20d_daily_has_vb_[20]_ma_1993_labels.feather
Loading images from /hpc2hdd/home/jliu043/CNN_Replicate/data/stocks_dataset/stocks_USA/dataset_daily_full/full_data_7404541_w20_y1993_20d_daily_has_vb_[20]_ma_1993_images.dat
Loading labels from /hpc2hdd/home/jliu043/CNN_Replicate/data/stocks_dataset/stocks_USA/dataset_daily_full/full_data_7404541_w20_y1993_20d_daily_has_vb_[20]_ma_1993_labels.feather
Warning: Number of images (3000000) does not match number of labels (1625158)
Loaded 1625158 samples
Loading mean and std from /hpc2hdd/home/jliu043/CNN_Replicate/data/stocks_dataset/stocks_USA/dataset_all/mean_std_20dweek_vbTrue_maTrue_1993.npz
Using Ret_week as label
Using None regression label (None represents classification label)
Initial number of samples: 1625158
Year 1993: filtered samples size: 1625158
Found dataset files: /hpc2hdd/home/jliu043/CNN_Replicate/data/stocks_dataset/stocks_USA/dataset_daily_full/full_data_7404542_w20_y1994_20d_daily_has_vb_[20]_ma_1994_images.dat and /hpc2hdd/home/jliu043/CNN_Replicate/data/stocks_dataset/stocks_USA/dataset_daily_full/full_data_7404542_w20_y1994_20d_daily_has_vb_[20]_ma_1994_labels.feather
Loading images from /hpc2hdd/home/jliu043/CNN_Replicate/data/stocks_dataset/stocks_USA/dataset_daily_full/full_data_7404542_w20_y1994_20d_daily_has_vb_[20]_ma_1994_images.dat
Loading labels from /hpc2hdd/home/jliu043/CNN_Replicate/data/stocks_dataset/stocks_USA/dataset_daily_full/full_data_7404542_w20_y1994_20d_daily_has_vb_[20]_ma_1994_labels.feather
Warning: Number of images (3000000) does not match number of labels (1799822)
Loaded 1799822 samples
Loading mean and std from /hpc2hdd/home/jliu043/CNN_Replicate/data/stocks_dataset/stocks_USA/dataset_all/mean_std_20dweek_vbTrue_maTrue_1994.npz
Using Ret_week as label
Using None regression label (None represents classification label)
Initial number of samples: 1799822
Year 1994: filtered samples size: 1799822
Found dataset files: /hpc2hdd/home/jliu043/CNN_Replicate/data/stocks_dataset/stocks_USA/dataset_daily_full/full_data_7404543_w20_y1995_20d_daily_has_vb_[20]_ma_1995_images.dat and /hpc2hdd/home/jliu043/CNN_Replicate/data/stocks_dataset/stocks_USA/dataset_daily_full/full_data_7404543_w20_y1995_20d_daily_has_vb_[20]_ma_1995_labels.feather
Loading images from /hpc2hdd/home/jliu043/CNN_Replicate/data/stocks_dataset/stocks_USA/dataset_daily_full/full_data_7404543_w20_y1995_20d_daily_has_vb_[20]_ma_1995_images.dat
Loading labels from /hpc2hdd/home/jliu043/CNN_Replicate/data/stocks_dataset/stocks_USA/dataset_daily_full/full_data_7404543_w20_y1995_20d_daily_has_vb_[20]_ma_1995_labels.feather
Warning: Number of images (3000000) does not match number of labels (1867527)
Loaded 1867527 samples
Loading mean and std from /hpc2hdd/home/jliu043/CNN_Replicate/data/stocks_dataset/stocks_USA/dataset_all/mean_std_20dweek_vbTrue_maTrue_1995.npz
Using Ret_week as label
Using None regression label (None represents classification label)
Initial number of samples: 1867527
Year 1995: filtered samples size: 1867527
Found dataset files: /hpc2hdd/home/jliu043/CNN_Replicate/data/stocks_dataset/stocks_USA/dataset_daily_full/full_data_7404544_w20_y1996_20d_daily_has_vb_[20]_ma_1996_images.dat and /hpc2hdd/home/jliu043/CNN_Replicate/data/stocks_dataset/stocks_USA/dataset_daily_full/full_data_7404544_w20_y1996_20d_daily_has_vb_[20]_ma_1996_labels.feather
Loading images from /hpc2hdd/home/jliu043/CNN_Replicate/data/stocks_dataset/stocks_USA/dataset_daily_full/full_data_7404544_w20_y1996_20d_daily_has_vb_[20]_ma_1996_images.dat
Loading labels from /hpc2hdd/home/jliu043/CNN_Replicate/data/stocks_dataset/stocks_USA/dataset_daily_full/full_data_7404544_w20_y1996_20d_daily_has_vb_[20]_ma_1996_labels.feather
Warning: Number of images (3000000) does not match number of labels (2012526)
Loaded 2012526 samples
Loading mean and std from /hpc2hdd/home/jliu043/CNN_Replicate/data/stocks_dataset/stocks_USA/dataset_all/mean_std_20dweek_vbTrue_maTrue_1996.npz
Using Ret_week as label
Using None regression label (None represents classification label)
Initial number of samples: 2012526
Year 1996: filtered samples size: 2012526
Found dataset files: /hpc2hdd/home/jliu043/CNN_Replicate/data/stocks_dataset/stocks_USA/dataset_daily_full/full_data_7404545_w20_y1997_20d_daily_has_vb_[20]_ma_1997_images.dat and /hpc2hdd/home/jliu043/CNN_Replicate/data/stocks_dataset/stocks_USA/dataset_daily_full/full_data_7404545_w20_y1997_20d_daily_has_vb_[20]_ma_1997_labels.feather
Loading images from /hpc2hdd/home/jliu043/CNN_Replicate/data/stocks_dataset/stocks_USA/dataset_daily_full/full_data_7404545_w20_y1997_20d_daily_has_vb_[20]_ma_1997_images.dat
Loading labels from /hpc2hdd/home/jliu043/CNN_Replicate/data/stocks_dataset/stocks_USA/dataset_daily_full/full_data_7404545_w20_y1997_20d_daily_has_vb_[20]_ma_1997_labels.feather
Warning: Number of images (3000000) does not match number of labels (2114096)
Loaded 2114096 samples
Loading mean and std from /hpc2hdd/home/jliu043/CNN_Replicate/data/stocks_dataset/stocks_USA/dataset_all/mean_std_20dweek_vbTrue_maTrue_1997.npz
Using Ret_week as label
Using None regression label (None represents classification label)
Initial number of samples: 2114096
Year 1997: filtered samples size: 2114096
Found dataset files: /hpc2hdd/home/jliu043/CNN_Replicate/data/stocks_dataset/stocks_USA/dataset_daily_full/full_data_7404546_w20_y1998_20d_daily_has_vb_[20]_ma_1998_images.dat and /hpc2hdd/home/jliu043/CNN_Replicate/data/stocks_dataset/stocks_USA/dataset_daily_full/full_data_7404546_w20_y1998_20d_daily_has_vb_[20]_ma_1998_labels.feather
Loading images from /hpc2hdd/home/jliu043/CNN_Replicate/data/stocks_dataset/stocks_USA/dataset_daily_full/full_data_7404546_w20_y1998_20d_daily_has_vb_[20]_ma_1998_images.dat
Loading labels from /hpc2hdd/home/jliu043/CNN_Replicate/data/stocks_dataset/stocks_USA/dataset_daily_full/full_data_7404546_w20_y1998_20d_daily_has_vb_[20]_ma_1998_labels.feather
Warning: Number of images (3000000) does not match number of labels (2102499)
Loaded 2102499 samples
Loading mean and std from /hpc2hdd/home/jliu043/CNN_Replicate/data/stocks_dataset/stocks_USA/dataset_all/mean_std_20dweek_vbTrue_maTrue_1998.npz
Using Ret_week as label
Using None regression label (None represents classification label)
Initial number of samples: 2102499
Year 1998: filtered samples size: 2102499
Found dataset files: /hpc2hdd/home/jliu043/CNN_Replicate/data/stocks_dataset/stocks_USA/dataset_daily_full/full_data_7404547_w20_y1999_20d_daily_has_vb_[20]_ma_1999_images.dat and /hpc2hdd/home/jliu043/CNN_Replicate/data/stocks_dataset/stocks_USA/dataset_daily_full/full_data_7404547_w20_y1999_20d_daily_has_vb_[20]_ma_1999_labels.feather
Loading images from /hpc2hdd/home/jliu043/CNN_Replicate/data/stocks_dataset/stocks_USA/dataset_daily_full/full_data_7404547_w20_y1999_20d_daily_has_vb_[20]_ma_1999_images.dat
Loading labels from /hpc2hdd/home/jliu043/CNN_Replicate/data/stocks_dataset/stocks_USA/dataset_daily_full/full_data_7404547_w20_y1999_20d_daily_has_vb_[20]_ma_1999_labels.feather
Warning: Number of images (3000000) does not match number of labels (1990458)
Loaded 1990458 samples
Loading mean and std from /hpc2hdd/home/jliu043/CNN_Replicate/data/stocks_dataset/stocks_USA/dataset_all/mean_std_20dweek_vbTrue_maTrue_1999.npz
Using Ret_week as label
Using None regression label (None represents classification label)
Initial number of samples: 1990458
Year 1999: filtered samples size: 1990458
Found dataset files: /hpc2hdd/home/jliu043/CNN_Replicate/data/stocks_dataset/stocks_USA/dataset_daily_full/full_data_7404548_w20_y2000_20d_daily_has_vb_[20]_ma_2000_images.dat and /hpc2hdd/home/jliu043/CNN_Replicate/data/stocks_dataset/stocks_USA/dataset_daily_full/full_data_7404548_w20_y2000_20d_daily_has_vb_[20]_ma_2000_labels.feather
Loading images from /hpc2hdd/home/jliu043/CNN_Replicate/data/stocks_dataset/stocks_USA/dataset_daily_full/full_data_7404548_w20_y2000_20d_daily_has_vb_[20]_ma_2000_images.dat
Loading labels from /hpc2hdd/home/jliu043/CNN_Replicate/data/stocks_dataset/stocks_USA/dataset_daily_full/full_data_7404548_w20_y2000_20d_daily_has_vb_[20]_ma_2000_labels.feather
Warning: Number of images (3000000) does not match number of labels (1962128)
Loaded 1962128 samples
Loading mean and std from /hpc2hdd/home/jliu043/CNN_Replicate/data/stocks_dataset/stocks_USA/dataset_all/mean_std_20dweek_vbTrue_maTrue_2000.npz
Using Ret_week as label
Using None regression label (None represents classification label)
Initial number of samples: 1962128
I20R5: removing tail for year 2000 (1962128 samples)
Year 2000: filtered samples size: 1931740
总样本数: 15443826
训练集: 10810678样本 (70%)
验证集: 4633148样本 (30%)
训练设备: cuda:0
CNNModel(
  (conv_layers): Sequential(
    (0): Sequential(
      (0): Conv2d(1, 64, kernel_size=(5, 3), stride=(3, 1), padding=(2, 1), dilation=(2, 1))
      (1): BatchNorm2d(64, eps=1e-05, momentum=0.1, affine=True, track_running_stats=True)
      (2): LeakyReLU(negative_slope=0.01)
      (3): MaxPool2d(kernel_size=(2, 1), stride=(2, 1), padding=0, dilation=1, ceil_mode=True)
    )
    (1): Sequential(
      (0): Conv2d(64, 128, kernel_size=(5, 3), stride=(1, 1), padding=(2, 1))
      (1): BatchNorm2d(128, eps=1e-05, momentum=0.1, affine=True, track_running_stats=True)
      (2): LeakyReLU(negative_slope=0.01)
      (3): MaxPool2d(kernel_size=(2, 1), stride=(2, 1), padding=0, dilation=1, ceil_mode=True)
    )
    (2): Sequential(
      (0): Conv2d(128, 256, kernel_size=(5, 3), stride=(1, 1), padding=(2, 1))
      (1): BatchNorm2d(256, eps=1e-05, momentum=0.1, affine=True, track_running_stats=True)
      (2): LeakyReLU(negative_slope=0.01)
      (3): MaxPool2d(kernel_size=(2, 1), stride=(2, 1), padding=0, dilation=1, ceil_mode=True)
    )
    (3): Flatten()
    (4): Dropout(p=0.5, inplace=False)
  )
  (fc): Linear(in_features=46080, out_features=2, bias=True)
)
Epoch 0/29 (train): Loss: 0.3206, Acc: 0.9031, MCC: 0.0008
Epoch 0/29 (validate): Loss: 0.3141, Acc: 0.9036, MCC: nan
Epoch 0: 发现更好的模型，验证损失: 0.3141
Epoch 1/29 (train): Loss: 0.3146, Acc: 0.9036, MCC: 0.0009
Epoch 1/29 (validate): Loss: 0.3138, Acc: 0.9036, MCC: nan
Epoch 1: 发现更好的模型，验证损失: 0.3138
Epoch 2/29 (train): Loss: 0.3141, Acc: 0.9036, MCC: -0.0001
Epoch 2/29 (validate): Loss: 0.3132, Acc: 0.9036, MCC: nan
Epoch 2: 发现更好的模型，验证损失: 0.3132
Epoch 3/29 (train): Loss: 0.3137, Acc: 0.9036, MCC: 0.0013
Epoch 3/29 (validate): Loss: 0.3130, Acc: 0.9036, MCC: nan
Epoch 3: 发现更好的模型，验证损失: 0.3130
Epoch 4/29 (train): Loss: 0.3134, Acc: 0.9036, MCC: 0.0025
Epoch 4/29 (validate): Loss: 0.3128, Acc: 0.9036, MCC: 0.0009
Epoch 4: 发现更好的模型，验证损失: 0.3128
Epoch 5/29 (train): Loss: 0.3131, Acc: 0.9036, MCC: 0.0040
Epoch 5/29 (validate): Loss: 0.3126, Acc: 0.9036, MCC: 0.0039
Epoch 5: 发现更好的模型，验证损失: 0.3126
Epoch 6/29 (train): Loss: 0.3128, Acc: 0.9036, MCC: 0.0067
Epoch 6/29 (validate): Loss: 0.3124, Acc: 0.9036, MCC: 0.0047
Epoch 6: 发现更好的模型，验证损失: 0.3124
Epoch 7/29 (train): Loss: 0.3125, Acc: 0.9036, MCC: 0.0102
Epoch 7/29 (validate): Loss: 0.3123, Acc: 0.9036, MCC: 0.0088
Epoch 7: 发现更好的模型，验证损失: 0.3123
Epoch 8/29 (train): Loss: 0.3122, Acc: 0.9036, MCC: 0.0130
Epoch 8/29 (validate): Loss: 0.3121, Acc: 0.9036, MCC: 0.0095
Epoch 8: 发现更好的模型，验证损失: 0.3121
Epoch 9/29 (train): Loss: 0.3120, Acc: 0.9036, MCC: 0.0138
Epoch 9/29 (validate): Loss: 0.3121, Acc: 0.9037, MCC: 0.0142
Epoch 9: 发现更好的模型，验证损失: 0.3121
Epoch 10/29 (train): Loss: 0.3117, Acc: 0.9036, MCC: 0.0156
Epoch 10/29 (validate): Loss: 0.3121, Acc: 0.9036, MCC: 0.0058
Epoch 10: 发现更好的模型，验证损失: 0.3121
Epoch 11/29 (train): Loss: 0.3114, Acc: 0.9036, MCC: 0.0166
Epoch 11/29 (validate): Loss: 0.3119, Acc: 0.9036, MCC: 0.0101
Epoch 11: 发现更好的模型，验证损失: 0.3119
Epoch 12/29 (train): Loss: 0.3112, Acc: 0.9036, MCC: 0.0179
Epoch 12/29 (validate): Loss: 0.3120, Acc: 0.9037, MCC: 0.0177
Epoch 13/29 (train): Loss: 0.3109, Acc: 0.9036, MCC: 0.0192
Epoch 13/29 (validate): Loss: 0.3119, Acc: 0.9037, MCC: 0.0176
Epoch 13: 发现更好的模型，验证损失: 0.3119
Epoch 14/29 (train): Loss: 0.3105, Acc: 0.9036, MCC: 0.0199
Epoch 14/29 (validate): Loss: 0.3119, Acc: 0.9037, MCC: 0.0195
Epoch 14: 发现更好的模型，验证损失: 0.3119
Epoch 15/29 (train): Loss: 0.3103, Acc: 0.9036, MCC: 0.0222
Epoch 15/29 (validate): Loss: 0.3119, Acc: 0.9037, MCC: 0.0173
Epoch 16/29 (train): Loss: 0.3100, Acc: 0.9036, MCC: 0.0225
Epoch 16/29 (validate): Loss: 0.3119, Acc: 0.9037, MCC: 0.0176
Early stopping at epoch 16, best epoch was 14
训练完成，用时 416分 22秒
最佳验证损失: 0.3119 (Epoch 14)
=========================================================
任务完成时间: Sat 25 Oct 2025 04:46:42 AM CST
I20/R5 模型训练和测试完成
=========================================================