=========================================================
Job ID: 7406238_1
模型配置: I60/R20
运行节点: gpu1-28
开始时间: Fri 24 Oct 2025 12:13:05 PM CST
GPU信息:
Sat May 24 12:13:05 2025       
+---------------------------------------------------------------------------------------+
| NVIDIA-SMI 535.54.03              Driver Version: 535.54.03    CUDA Version: 12.2     |
|-----------------------------------------+----------------------+----------------------+
| GPU  Name                 Persistence-M | Bus-Id        Disp.A | Volatile Uncorr. ECC |
| Fan  Temp   Perf          Pwr:Usage/Cap |         Memory-Usage | GPU-Util  Compute M. |
|                                         |                      |               MIG M. |
|=========================================+======================+======================|
|   0  NVIDIA A800-SXM4-80GB          On  | 00000000:92:00.0 Off |                    0 |
| N/A   41C    P0              62W / 400W |      5MiB / 81920MiB |      0%      Default |
|                                         |                      |             Disabled |
+-----------------------------------------+----------------------+----------------------+
                                                                                         
+---------------------------------------------------------------------------------------+
| Processes:                                                                            |
|  GPU   GI   CI        PID   Type   Process name                            GPU Memory |
|        ID   ID                                                             Usage      |
|=======================================================================================|
|  No running processes found                                                           |
+---------------------------------------------------------------------------------------+
=========================================================
Model will be saved to: /hpc2hdd/home/jliu043/CNN_Replicate/results/D60L4F53S31D31MP21F53S11D11MP21F53S11D11MP21F53S11D11MP21C64/60d20p-e5-lr1E-04-dp0.50-maTrue-vbTrue-monthlyTrained-noDelayedReturn
Portfolio results will be saved to: /hpc2hdd/home/jliu043/CNN_Replicate/results/portfolio/USA_D60L4F53S31D31MP21F53S11D11MP21F53S11D11MP21F53S11D11MP21C64_60d20p-e5-lr1E-04-dp0.50-maTrue-vbTrue-monthlyTrained-noDelayedReturn_ensem1

开始训练 I60/R20 模型...
开始训练 I60/R20 的 1 个模型...
训练模型 1/1 (I60/R20)
Found dataset files: /hpc2hdd/home/jliu043/CNN_Replicate/data/stocks_dataset/stocks_USA/dataset_daily_full/full_data_7404568_w60_y1993_60d_daily_has_vb_[60]_ma_1993_images.dat and /hpc2hdd/home/jliu043/CNN_Replicate/data/stocks_dataset/stocks_USA/dataset_daily_full/full_data_7404568_w60_y1993_60d_daily_has_vb_[60]_ma_1993_labels.feather
Loading images from /hpc2hdd/home/jliu043/CNN_Replicate/data/stocks_dataset/stocks_USA/dataset_daily_full/full_data_7404568_w60_y1993_60d_daily_has_vb_[60]_ma_1993_images.dat
Loading labels from /hpc2hdd/home/jliu043/CNN_Replicate/data/stocks_dataset/stocks_USA/dataset_daily_full/full_data_7404568_w60_y1993_60d_daily_has_vb_[60]_ma_1993_labels.feather
Warning: Number of images (3000000) does not match number of labels (1566582)
Loaded 1566582 samples
Loading mean and std from /hpc2hdd/home/jliu043/CNN_Replicate/data/stocks_dataset/stocks_USA/dataset_all/mean_std_60dmonth_vbTrue_maTrue_1993.npz
Using Ret_month as label
Using None regression label (None represents classification label)
Initial number of samples: 1566582
Year 1993: filtered samples size: 1566582
Found dataset files: /hpc2hdd/home/jliu043/CNN_Replicate/data/stocks_dataset/stocks_USA/dataset_daily_full/full_data_7404569_w60_y1994_60d_daily_has_vb_[60]_ma_1994_images.dat and /hpc2hdd/home/jliu043/CNN_Replicate/data/stocks_dataset/stocks_USA/dataset_daily_full/full_data_7404569_w60_y1994_60d_daily_has_vb_[60]_ma_1994_labels.feather
Loading images from /hpc2hdd/home/jliu043/CNN_Replicate/data/stocks_dataset/stocks_USA/dataset_daily_full/full_data_7404569_w60_y1994_60d_daily_has_vb_[60]_ma_1994_images.dat
Loading labels from /hpc2hdd/home/jliu043/CNN_Replicate/data/stocks_dataset/stocks_USA/dataset_daily_full/full_data_7404569_w60_y1994_60d_daily_has_vb_[60]_ma_1994_labels.feather
Warning: Number of images (3000000) does not match number of labels (1770960)
Loaded 1770960 samples
Loading mean and std from /hpc2hdd/home/jliu043/CNN_Replicate/data/stocks_dataset/stocks_USA/dataset_all/mean_std_60dmonth_vbTrue_maTrue_1994.npz
Using Ret_month as label
Using None regression label (None represents classification label)
Initial number of samples: 1770960
Year 1994: filtered samples size: 1770960
Found dataset files: /hpc2hdd/home/jliu043/CNN_Replicate/data/stocks_dataset/stocks_USA/dataset_daily_full/full_data_7404570_w60_y1995_60d_daily_has_vb_[60]_ma_1995_images.dat and /hpc2hdd/home/jliu043/CNN_Replicate/data/stocks_dataset/stocks_USA/dataset_daily_full/full_data_7404570_w60_y1995_60d_daily_has_vb_[60]_ma_1995_labels.feather
Loading images from /hpc2hdd/home/jliu043/CNN_Replicate/data/stocks_dataset/stocks_USA/dataset_daily_full/full_data_7404570_w60_y1995_60d_daily_has_vb_[60]_ma_1995_images.dat
Loading labels from /hpc2hdd/home/jliu043/CNN_Replicate/data/stocks_dataset/stocks_USA/dataset_daily_full/full_data_7404570_w60_y1995_60d_daily_has_vb_[60]_ma_1995_labels.feather
Warning: Number of images (3000000) does not match number of labels (1827839)
Loaded 1827839 samples
Loading mean and std from /hpc2hdd/home/jliu043/CNN_Replicate/data/stocks_dataset/stocks_USA/dataset_all/mean_std_60dmonth_vbTrue_maTrue_1995.npz
Using Ret_month as label
Using None regression label (None represents classification label)
Initial number of samples: 1827839
Year 1995: filtered samples size: 1827839
Found dataset files: /hpc2hdd/home/jliu043/CNN_Replicate/data/stocks_dataset/stocks_USA/dataset_daily_full/full_data_7404571_w60_y1996_60d_daily_has_vb_[60]_ma_1996_images.dat and /hpc2hdd/home/jliu043/CNN_Replicate/data/stocks_dataset/stocks_USA/dataset_daily_full/full_data_7404571_w60_y1996_60d_daily_has_vb_[60]_ma_1996_labels.feather
Loading images from /hpc2hdd/home/jliu043/CNN_Replicate/data/stocks_dataset/stocks_USA/dataset_daily_full/full_data_7404571_w60_y1996_60d_daily_has_vb_[60]_ma_1996_images.dat
Loading labels from /hpc2hdd/home/jliu043/CNN_Replicate/data/stocks_dataset/stocks_USA/dataset_daily_full/full_data_7404571_w60_y1996_60d_daily_has_vb_[60]_ma_1996_labels.feather
Warning: Number of images (3000000) does not match number of labels (1971107)
Loaded 1971107 samples
Loading mean and std from /hpc2hdd/home/jliu043/CNN_Replicate/data/stocks_dataset/stocks_USA/dataset_all/mean_std_60dmonth_vbTrue_maTrue_1996.npz
Using Ret_month as label
Using None regression label (None represents classification label)
Initial number of samples: 1971107
Year 1996: filtered samples size: 1971107
Found dataset files: /hpc2hdd/home/jliu043/CNN_Replicate/data/stocks_dataset/stocks_USA/dataset_daily_full/full_data_7404572_w60_y1997_60d_daily_has_vb_[60]_ma_1997_images.dat and /hpc2hdd/home/jliu043/CNN_Replicate/data/stocks_dataset/stocks_USA/dataset_daily_full/full_data_7404572_w60_y1997_60d_daily_has_vb_[60]_ma_1997_labels.feather
Loading images from /hpc2hdd/home/jliu043/CNN_Replicate/data/stocks_dataset/stocks_USA/dataset_daily_full/full_data_7404572_w60_y1997_60d_daily_has_vb_[60]_ma_1997_images.dat
Loading labels from /hpc2hdd/home/jliu043/CNN_Replicate/data/stocks_dataset/stocks_USA/dataset_daily_full/full_data_7404572_w60_y1997_60d_daily_has_vb_[60]_ma_1997_labels.feather
Warning: Number of images (3000000) does not match number of labels (2065692)
Loaded 2065692 samples
Loading mean and std from /hpc2hdd/home/jliu043/CNN_Replicate/data/stocks_dataset/stocks_USA/dataset_all/mean_std_60dmonth_vbTrue_maTrue_1997.npz
Using Ret_month as label
Using None regression label (None represents classification label)
Initial number of samples: 2065692
Year 1997: filtered samples size: 2065692
Found dataset files: /hpc2hdd/home/jliu043/CNN_Replicate/data/stocks_dataset/stocks_USA/dataset_daily_full/full_data_7404573_w60_y1998_60d_daily_has_vb_[60]_ma_1998_images.dat and /hpc2hdd/home/jliu043/CNN_Replicate/data/stocks_dataset/stocks_USA/dataset_daily_full/full_data_7404573_w60_y1998_60d_daily_has_vb_[60]_ma_1998_labels.feather
Loading images from /hpc2hdd/home/jliu043/CNN_Replicate/data/stocks_dataset/stocks_USA/dataset_daily_full/full_data_7404573_w60_y1998_60d_daily_has_vb_[60]_ma_1998_images.dat
Loading labels from /hpc2hdd/home/jliu043/CNN_Replicate/data/stocks_dataset/stocks_USA/dataset_daily_full/full_data_7404573_w60_y1998_60d_daily_has_vb_[60]_ma_1998_labels.feather
Warning: Number of images (3000000) does not match number of labels (2081505)
Loaded 2081505 samples
Loading mean and std from /hpc2hdd/home/jliu043/CNN_Replicate/data/stocks_dataset/stocks_USA/dataset_all/mean_std_60dmonth_vbTrue_maTrue_1998.npz
Using Ret_month as label
Using None regression label (None represents classification label)
Initial number of samples: 2081505
Year 1998: filtered samples size: 2081505
Found dataset files: /hpc2hdd/home/jliu043/CNN_Replicate/data/stocks_dataset/stocks_USA/dataset_daily_full/full_data_7404574_w60_y1999_60d_daily_has_vb_[60]_ma_1999_images.dat and /hpc2hdd/home/jliu043/CNN_Replicate/data/stocks_dataset/stocks_USA/dataset_daily_full/full_data_7404574_w60_y1999_60d_daily_has_vb_[60]_ma_1999_labels.feather
Loading images from /hpc2hdd/home/jliu043/CNN_Replicate/data/stocks_dataset/stocks_USA/dataset_daily_full/full_data_7404574_w60_y1999_60d_daily_has_vb_[60]_ma_1999_images.dat
Loading labels from /hpc2hdd/home/jliu043/CNN_Replicate/data/stocks_dataset/stocks_USA/dataset_daily_full/full_data_7404574_w60_y1999_60d_daily_has_vb_[60]_ma_1999_labels.feather
Warning: Number of images (3000000) does not match number of labels (1961852)
Loaded 1961852 samples
Loading mean and std from /hpc2hdd/home/jliu043/CNN_Replicate/data/stocks_dataset/stocks_USA/dataset_all/mean_std_60dmonth_vbTrue_maTrue_1999.npz
Using Ret_month as label
Using None regression label (None represents classification label)
Initial number of samples: 1961852
Year 1999: filtered samples size: 1961852
Found dataset files: /hpc2hdd/home/jliu043/CNN_Replicate/data/stocks_dataset/stocks_USA/dataset_daily_full/full_data_7404575_w60_y2000_60d_daily_has_vb_[60]_ma_2000_images.dat and /hpc2hdd/home/jliu043/CNN_Replicate/data/stocks_dataset/stocks_USA/dataset_daily_full/full_data_7404575_w60_y2000_60d_daily_has_vb_[60]_ma_2000_labels.feather
Loading images from /hpc2hdd/home/jliu043/CNN_Replicate/data/stocks_dataset/stocks_USA/dataset_daily_full/full_data_7404575_w60_y2000_60d_daily_has_vb_[60]_ma_2000_images.dat
Loading labels from /hpc2hdd/home/jliu043/CNN_Replicate/data/stocks_dataset/stocks_USA/dataset_daily_full/full_data_7404575_w60_y2000_60d_daily_has_vb_[60]_ma_2000_labels.feather
Warning: Number of images (3000000) does not match number of labels (1929448)
Loaded 1929448 samples
Loading mean and std from /hpc2hdd/home/jliu043/CNN_Replicate/data/stocks_dataset/stocks_USA/dataset_all/mean_std_60dmonth_vbTrue_maTrue_2000.npz
Using Ret_month as label
Using None regression label (None represents classification label)
Initial number of samples: 1929448
I60R20: removing tail for year 2000 (1929448 samples)
Year 2000: filtered samples size: 1779756
总样本数: 15025293
训练集: 10517705样本 (70%)
验证集: 4507588样本 (30%)
训练设备: cuda:0
CNNModel(
  (conv_layers): Sequential(
    (0): Sequential(
      (0): Conv2d(1, 64, kernel_size=(5, 3), stride=(3, 1), padding=(2, 1), dilation=(3, 1))
      (1): BatchNorm2d(64, eps=1e-05, momentum=0.1, affine=True, track_running_stats=True)
      (2): LeakyReLU(negative_slope=0.01)
      (3): MaxPool2d(kernel_size=(2, 1), stride=(2, 1), padding=0, dilation=1, ceil_mode=True)
    )
    (1): Sequential(
      (0): Conv2d(64, 128, kernel_size=(5, 3), stride=(1, 1), padding=(2, 1))
      (1): BatchNorm2d(128, eps=1e-05, momentum=0.1, affine=True, track_running_stats=True)
      (2): LeakyReLU(negative_slope=0.01)
      (3): MaxPool2d(kernel_size=(2, 1), stride=(2, 1), padding=0, dilation=1, ceil_mode=True)
    )
    (2): Sequential(
      (0): Conv2d(128, 256, kernel_size=(5, 3), stride=(1, 1), padding=(2, 1))
      (1): BatchNorm2d(256, eps=1e-05, momentum=0.1, affine=True, track_running_stats=True)
      (2): LeakyReLU(negative_slope=0.01)
      (3): MaxPool2d(kernel_size=(2, 1), stride=(2, 1), padding=0, dilation=1, ceil_mode=True)
    )
    (3): Sequential(
      (0): Conv2d(256, 512, kernel_size=(5, 3), stride=(1, 1), padding=(2, 1))
      (1): BatchNorm2d(512, eps=1e-05, momentum=0.1, affine=True, track_running_stats=True)
      (2): LeakyReLU(negative_slope=0.01)
      (3): MaxPool2d(kernel_size=(2, 1), stride=(2, 1), padding=0, dilation=1, ceil_mode=True)
    )
    (4): Flatten()
    (5): Dropout(p=0.5, inplace=False)
  )
  (fc): Linear(in_features=184320, out_features=2, bias=True)
)
Epoch 0/4 (train): Loss: 0.0881, Acc: 0.9832, MCC: -0.0002
Epoch 0/4 (validate): Loss: 0.0842, Acc: 0.9833, MCC: nan
Epoch 0: 发现更好的模型，验证损失: 0.0842
Epoch 1/4 (train): Loss: 0.0841, Acc: 0.9833, MCC: 0.0018
Epoch 1/4 (validate): Loss: 0.0827, Acc: 0.9833, MCC: 0.0235
Epoch 1: 发现更好的模型，验证损失: 0.0827
Epoch 2/4 (train): Loss: 0.0825, Acc: 0.9833, MCC: 0.0389
Epoch 2/4 (validate): Loss: 0.0817, Acc: 0.9833, MCC: 0.0762
Epoch 2: 发现更好的模型，验证损失: 0.0817
Epoch 3/4 (train): Loss: 0.0815, Acc: 0.9834, MCC: 0.0578
Epoch 3/4 (validate): Loss: 0.0809, Acc: 0.9833, MCC: 0.0646
Epoch 3: 发现更好的模型，验证损失: 0.0809
Epoch 4/4 (train): Loss: 0.0807, Acc: 0.9834, MCC: 0.0709
Epoch 4/4 (validate): Loss: 0.0804, Acc: 0.9834, MCC: 0.0882
Epoch 4: 发现更好的模型，验证损失: 0.0804
训练完成，用时 416分 31秒
最佳验证损失: 0.0804 (Epoch 4)
模型已保存到 /hpc2hdd/home/jliu043/CNN_Replicate/results/D60L4F53S31D31MP21F53S11D11MP21F53S11D11MP21F53S11D11MP21C64/60d20p-e5-lr1E-04-dp0.50-maTrue-vbTrue-monthlyTrained-noDelayedReturn/checkpoint0.pth.tar
I60/R20 模型集成训练完成

生成 2001-2019 预测结果...
预测结果已存在: /hpc2hdd/home/jliu043/CNN_Replicate/results/CNN_I60R20/epoch5_ensem1_train1993-2000/predictions/pred_year2001.csv
预测结果已存在: /hpc2hdd/home/jliu043/CNN_Replicate/results/CNN_I60R20/epoch5_ensem1_train1993-2000/predictions/pred_year2002.csv
预测结果已存在: /hpc2hdd/home/jliu043/CNN_Replicate/results/CNN_I60R20/epoch5_ensem1_train1993-2000/predictions/pred_year2003.csv
预测结果已存在: /hpc2hdd/home/jliu043/CNN_Replicate/results/CNN_I60R20/epoch5_ensem1_train1993-2000/predictions/pred_year2004.csv
预测结果已存在: /hpc2hdd/home/jliu043/CNN_Replicate/results/CNN_I60R20/epoch5_ensem1_train1993-2000/predictions/pred_year2005.csv
预测结果已存在: /hpc2hdd/home/jliu043/CNN_Replicate/results/CNN_I60R20/epoch5_ensem1_train1993-2000/predictions/pred_year2006.csv
预测结果已存在: /hpc2hdd/home/jliu043/CNN_Replicate/results/CNN_I60R20/epoch5_ensem1_train1993-2000/predictions/pred_year2007.csv
预测结果已存在: /hpc2hdd/home/jliu043/CNN_Replicate/results/CNN_I60R20/epoch5_ensem1_train1993-2000/predictions/pred_year2008.csv
预测结果已存在: /hpc2hdd/home/jliu043/CNN_Replicate/results/CNN_I60R20/epoch5_ensem1_train1993-2000/predictions/pred_year2009.csv
预测结果已存在: /hpc2hdd/home/jliu043/CNN_Replicate/results/CNN_I60R20/epoch5_ensem1_train1993-2000/predictions/pred_year2010.csv
预测结果已存在: /hpc2hdd/home/jliu043/CNN_Replicate/results/CNN_I60R20/epoch5_ensem1_train1993-2000/predictions/pred_year2011.csv
预测结果已存在: /hpc2hdd/home/jliu043/CNN_Replicate/results/CNN_I60R20/epoch5_ensem1_train1993-2000/predictions/pred_year2012.csv
预测结果已存在: /hpc2hdd/home/jliu043/CNN_Replicate/results/CNN_I60R20/epoch5_ensem1_train1993-2000/predictions/pred_year2013.csv
预测结果已存在: /hpc2hdd/home/jliu043/CNN_Replicate/results/CNN_I60R20/epoch5_ensem1_train1993-2000/predictions/pred_year2014.csv
预测结果已存在: /hpc2hdd/home/jliu043/CNN_Replicate/results/CNN_I60R20/epoch5_ensem1_train1993-2000/predictions/pred_year2015.csv
预测结果已存在: /hpc2hdd/home/jliu043/CNN_Replicate/results/CNN_I60R20/epoch5_ensem1_train1993-2000/predictions/pred_year2016.csv
预测结果已存在: /hpc2hdd/home/jliu043/CNN_Replicate/results/CNN_I60R20/epoch5_ensem1_train1993-2000/predictions/pred_year2017.csv
预测结果已存在: /hpc2hdd/home/jliu043/CNN_Replicate/results/CNN_I60R20/epoch5_ensem1_train1993-2000/predictions/pred_year2018.csv
预测结果已存在: /hpc2hdd/home/jliu043/CNN_Replicate/results/CNN_I60R20/epoch5_ensem1_train1993-2000/predictions/pred_year2019.csv
=========================================================
任务完成时间: Sat 25 Oct 2025 07:33:11 PM CST
I60/R20 模型训练和测试完成
=========================================================