=========================================================
Job ID: 7406071_0
模型配置: I5/R5
运行节点: gpu1-1
开始时间: Fri 24 Oct 2025 12:17:38 AM CST
GPU信息:
Sat May 24 00:17:38 2025       
+---------------------------------------------------------------------------------------+
| NVIDIA-SMI 535.54.03              Driver Version: 535.54.03    CUDA Version: 12.2     |
|-----------------------------------------+----------------------+----------------------+
| GPU  Name                 Persistence-M | Bus-Id        Disp.A | Volatile Uncorr. ECC |
| Fan  Temp   Perf          Pwr:Usage/Cap |         Memory-Usage | GPU-Util  Compute M. |
|                                         |                      |               MIG M. |
|=========================================+======================+======================|
|   0  NVIDIA A800-SXM4-80GB          On  | 00000000:55:00.0 Off |                    0 |
| N/A   27C    P0              59W / 400W |      5MiB / 81920MiB |      0%      Default |
|                                         |                      |             Disabled |
+-----------------------------------------+----------------------+----------------------+
                                                                                         
+---------------------------------------------------------------------------------------+
| Processes:                                                                            |
|  GPU   GI   CI        PID   Type   Process name                            GPU Memory |
|        ID   ID                                                             Usage      |
|=======================================================================================|
|  No running processes found                                                           |
+---------------------------------------------------------------------------------------+
=========================================================
Model will be saved to: /hpc2hdd/home/jliu043/CNN_Replicate/results/D5L2F53S11D11MP21F53S11D11MP21C64/5d5p-lr1E-04-dp0.50-maTrue-vbTrue-weeklyTrained-noDelayedReturn
Portfolio results will be saved to: /hpc2hdd/home/jliu043/CNN_Replicate/results/portfolio/USA_D5L2F53S11D11MP21F53S11D11MP21C64_5d5p-lr1E-04-dp0.50-maTrue-vbTrue-weeklyTrained-noDelayedReturn_ensem1

开始训练 I5/R5 模型...
开始训练 I5/R5 的 1 个模型...
训练模型 1/1 (I5/R5)
Found dataset files: /hpc2hdd/home/jliu043/CNN_Replicate/data/stocks_dataset/stocks_USA/dataset_daily_full/full_data_7404514_w5_y1993_5d_daily_has_vb_[5]_ma_1993_images.dat and /hpc2hdd/home/jliu043/CNN_Replicate/data/stocks_dataset/stocks_USA/dataset_daily_full/full_data_7404514_w5_y1993_5d_daily_has_vb_[5]_ma_1993_labels.feather
Loading images from /hpc2hdd/home/jliu043/CNN_Replicate/data/stocks_dataset/stocks_USA/dataset_daily_full/full_data_7404514_w5_y1993_5d_daily_has_vb_[5]_ma_1993_images.dat
Loading labels from /hpc2hdd/home/jliu043/CNN_Replicate/data/stocks_dataset/stocks_USA/dataset_daily_full/full_data_7404514_w5_y1993_5d_daily_has_vb_[5]_ma_1993_labels.feather
Warning: Number of images (3000000) does not match number of labels (1640934)
Loaded 1640934 samples
Calculating mean and std
Using Ret_week as label
Using None regression label (None represents classification label)
Initial number of samples: 1640934
Year 1993: filtered samples size: 1640934
Found dataset files: /hpc2hdd/home/jliu043/CNN_Replicate/data/stocks_dataset/stocks_USA/dataset_daily_full/full_data_7404515_w5_y1994_5d_daily_has_vb_[5]_ma_1994_images.dat and /hpc2hdd/home/jliu043/CNN_Replicate/data/stocks_dataset/stocks_USA/dataset_daily_full/full_data_7404515_w5_y1994_5d_daily_has_vb_[5]_ma_1994_labels.feather
Loading images from /hpc2hdd/home/jliu043/CNN_Replicate/data/stocks_dataset/stocks_USA/dataset_daily_full/full_data_7404515_w5_y1994_5d_daily_has_vb_[5]_ma_1994_images.dat
Loading labels from /hpc2hdd/home/jliu043/CNN_Replicate/data/stocks_dataset/stocks_USA/dataset_daily_full/full_data_7404515_w5_y1994_5d_daily_has_vb_[5]_ma_1994_labels.feather
Warning: Number of images (3000000) does not match number of labels (1806910)
Loaded 1806910 samples
Calculating mean and std
Using Ret_week as label
Using None regression label (None represents classification label)
Initial number of samples: 1806910
Year 1994: filtered samples size: 1806910
Found dataset files: /hpc2hdd/home/jliu043/CNN_Replicate/data/stocks_dataset/stocks_USA/dataset_daily_full/full_data_7404516_w5_y1995_5d_daily_has_vb_[5]_ma_1995_images.dat and /hpc2hdd/home/jliu043/CNN_Replicate/data/stocks_dataset/stocks_USA/dataset_daily_full/full_data_7404516_w5_y1995_5d_daily_has_vb_[5]_ma_1995_labels.feather
Loading images from /hpc2hdd/home/jliu043/CNN_Replicate/data/stocks_dataset/stocks_USA/dataset_daily_full/full_data_7404516_w5_y1995_5d_daily_has_vb_[5]_ma_1995_images.dat
Loading labels from /hpc2hdd/home/jliu043/CNN_Replicate/data/stocks_dataset/stocks_USA/dataset_daily_full/full_data_7404516_w5_y1995_5d_daily_has_vb_[5]_ma_1995_labels.feather
Warning: Number of images (3000000) does not match number of labels (1880160)
Loaded 1880160 samples
Calculating mean and std
Using Ret_week as label
Using None regression label (None represents classification label)
Initial number of samples: 1880160
Year 1995: filtered samples size: 1880160
Found dataset files: /hpc2hdd/home/jliu043/CNN_Replicate/data/stocks_dataset/stocks_USA/dataset_daily_full/full_data_7404517_w5_y1996_5d_daily_has_vb_[5]_ma_1996_images.dat and /hpc2hdd/home/jliu043/CNN_Replicate/data/stocks_dataset/stocks_USA/dataset_daily_full/full_data_7404517_w5_y1996_5d_daily_has_vb_[5]_ma_1996_labels.feather
Loading images from /hpc2hdd/home/jliu043/CNN_Replicate/data/stocks_dataset/stocks_USA/dataset_daily_full/full_data_7404517_w5_y1996_5d_daily_has_vb_[5]_ma_1996_images.dat
Loading labels from /hpc2hdd/home/jliu043/CNN_Replicate/data/stocks_dataset/stocks_USA/dataset_daily_full/full_data_7404517_w5_y1996_5d_daily_has_vb_[5]_ma_1996_labels.feather
Warning: Number of images (3000000) does not match number of labels (2029148)
Loaded 2029148 samples
Calculating mean and std
Using Ret_week as label
Using None regression label (None represents classification label)
Initial number of samples: 2029148
Year 1996: filtered samples size: 2029148
Found dataset files: /hpc2hdd/home/jliu043/CNN_Replicate/data/stocks_dataset/stocks_USA/dataset_daily_full/full_data_7404518_w5_y1997_5d_daily_has_vb_[5]_ma_1997_images.dat and /hpc2hdd/home/jliu043/CNN_Replicate/data/stocks_dataset/stocks_USA/dataset_daily_full/full_data_7404518_w5_y1997_5d_daily_has_vb_[5]_ma_1997_labels.feather
Loading images from /hpc2hdd/home/jliu043/CNN_Replicate/data/stocks_dataset/stocks_USA/dataset_daily_full/full_data_7404518_w5_y1997_5d_daily_has_vb_[5]_ma_1997_images.dat
Loading labels from /hpc2hdd/home/jliu043/CNN_Replicate/data/stocks_dataset/stocks_USA/dataset_daily_full/full_data_7404518_w5_y1997_5d_daily_has_vb_[5]_ma_1997_labels.feather
Warning: Number of images (3000000) does not match number of labels (2125859)
Loaded 2125859 samples
Calculating mean and std
Using Ret_week as label
Using None regression label (None represents classification label)
Initial number of samples: 2125859
Year 1997: filtered samples size: 2125859
Found dataset files: /hpc2hdd/home/jliu043/CNN_Replicate/data/stocks_dataset/stocks_USA/dataset_daily_full/full_data_7404519_w5_y1998_5d_daily_has_vb_[5]_ma_1998_images.dat and /hpc2hdd/home/jliu043/CNN_Replicate/data/stocks_dataset/stocks_USA/dataset_daily_full/full_data_7404519_w5_y1998_5d_daily_has_vb_[5]_ma_1998_labels.feather
Loading images from /hpc2hdd/home/jliu043/CNN_Replicate/data/stocks_dataset/stocks_USA/dataset_daily_full/full_data_7404519_w5_y1998_5d_daily_has_vb_[5]_ma_1998_images.dat
Loading labels from /hpc2hdd/home/jliu043/CNN_Replicate/data/stocks_dataset/stocks_USA/dataset_daily_full/full_data_7404519_w5_y1998_5d_daily_has_vb_[5]_ma_1998_labels.feather
Warning: Number of images (3000000) does not match number of labels (2110110)
Loaded 2110110 samples
Calculating mean and std
Using Ret_week as label
Using None regression label (None represents classification label)
Initial number of samples: 2110110
Year 1998: filtered samples size: 2110110
Found dataset files: /hpc2hdd/home/jliu043/CNN_Replicate/data/stocks_dataset/stocks_USA/dataset_daily_full/full_data_7404520_w5_y1999_5d_daily_has_vb_[5]_ma_1999_images.dat and /hpc2hdd/home/jliu043/CNN_Replicate/data/stocks_dataset/stocks_USA/dataset_daily_full/full_data_7404520_w5_y1999_5d_daily_has_vb_[5]_ma_1999_labels.feather
Loading images from /hpc2hdd/home/jliu043/CNN_Replicate/data/stocks_dataset/stocks_USA/dataset_daily_full/full_data_7404520_w5_y1999_5d_daily_has_vb_[5]_ma_1999_images.dat
Loading labels from /hpc2hdd/home/jliu043/CNN_Replicate/data/stocks_dataset/stocks_USA/dataset_daily_full/full_data_7404520_w5_y1999_5d_daily_has_vb_[5]_ma_1999_labels.feather
Warning: Number of images (3000000) does not match number of labels (2004587)
Loaded 2004587 samples
Calculating mean and std
Using Ret_week as label
Using None regression label (None represents classification label)
Initial number of samples: 2004587
Year 1999: filtered samples size: 2004587
Found dataset files: /hpc2hdd/home/jliu043/CNN_Replicate/data/stocks_dataset/stocks_USA/dataset_daily_full/full_data_7404521_w5_y2000_5d_daily_has_vb_[5]_ma_2000_images.dat and /hpc2hdd/home/jliu043/CNN_Replicate/data/stocks_dataset/stocks_USA/dataset_daily_full/full_data_7404521_w5_y2000_5d_daily_has_vb_[5]_ma_2000_labels.feather
Loading images from /hpc2hdd/home/jliu043/CNN_Replicate/data/stocks_dataset/stocks_USA/dataset_daily_full/full_data_7404521_w5_y2000_5d_daily_has_vb_[5]_ma_2000_images.dat
Loading labels from /hpc2hdd/home/jliu043/CNN_Replicate/data/stocks_dataset/stocks_USA/dataset_daily_full/full_data_7404521_w5_y2000_5d_daily_has_vb_[5]_ma_2000_labels.feather
Warning: Number of images (3000000) does not match number of labels (1968327)
Loaded 1968327 samples
Calculating mean and std
Using Ret_week as label
Using None regression label (None represents classification label)
Initial number of samples: 1968327
I5R5: removing tail for year 2000 (1968327 samples)
Year 2000: filtered samples size: 1937572
总样本数: 15535280
训练集: 10874696样本 (70%)
验证集: 4660584样本 (30%)
训练设备: cuda:0
CNNModel(
  (conv_layers): Sequential(
    (0): Sequential(
      (0): Conv2d(1, 64, kernel_size=(5, 3), stride=(1, 1), padding=(2, 1))
      (1): BatchNorm2d(64, eps=1e-05, momentum=0.1, affine=True, track_running_stats=True)
      (2): LeakyReLU(negative_slope=0.01)
      (3): MaxPool2d(kernel_size=(2, 1), stride=(2, 1), padding=0, dilation=1, ceil_mode=True)
    )
    (1): Sequential(
      (0): Conv2d(64, 128, kernel_size=(5, 3), stride=(1, 1), padding=(2, 1))
      (1): BatchNorm2d(128, eps=1e-05, momentum=0.1, affine=True, track_running_stats=True)
      (2): LeakyReLU(negative_slope=0.01)
      (3): MaxPool2d(kernel_size=(2, 1), stride=(2, 1), padding=0, dilation=1, ceil_mode=True)
    )
    (2): Flatten()
    (3): Dropout(p=0.5, inplace=False)
  )
  (fc): Linear(in_features=15360, out_features=2, bias=True)
)
Epoch 0/4 (train): Loss: 0.3212, Acc: 0.9031, MCC: 0.0004
Epoch 0/4 (validate): Loss: 0.3162, Acc: 0.9034, MCC: nan
Epoch 0: 发现更好的模型，验证损失: 0.3162
Epoch 1/4 (train): Loss: 0.3167, Acc: 0.9034, MCC: nan
Epoch 1/4 (validate): Loss: 0.3162, Acc: 0.9034, MCC: nan
Epoch 1: 发现更好的模型，验证损失: 0.3162
Epoch 2/4 (train): Loss: 0.3164, Acc: 0.9034, MCC: nan
Epoch 2/4 (validate): Loss: 0.3161, Acc: 0.9034, MCC: nan
Epoch 2: 发现更好的模型，验证损失: 0.3161
Epoch 3/4 (train): Loss: 0.3164, Acc: 0.9034, MCC: nan
Epoch 3/4 (validate): Loss: 0.3160, Acc: 0.9034, MCC: nan
Epoch 3: 发现更好的模型，验证损失: 0.3160
Epoch 4/4 (train): Loss: 0.3163, Acc: 0.9034, MCC: nan
Epoch 4/4 (validate): Loss: 0.3160, Acc: 0.9034, MCC: nan
Epoch 4: 发现更好的模型，验证损失: 0.3160
训练完成，用时 64分 21秒
最佳验证损失: 0.3160 (Epoch 4)
模型已保存到 /hpc2hdd/home/jliu043/CNN_Replicate/results/D5L2F53S11D11MP21F53S11D11MP21C64/5d5p-lr1E-04-dp0.50-maTrue-vbTrue-weeklyTrained-noDelayedReturn/checkpoint0.pth.tar
I5/R5 模型集成训练完成

生成 2001-2019 预测结果...
预测结果已存在: /hpc2hdd/home/jliu043/CNN_Replicate/results/CNN_I5R5/epoch5_ensem1_train1993-2000/predictions/pred_year2001.csv
预测结果已存在: /hpc2hdd/home/jliu043/CNN_Replicate/results/CNN_I5R5/epoch5_ensem1_train1993-2000/predictions/pred_year2002.csv
预测结果已存在: /hpc2hdd/home/jliu043/CNN_Replicate/results/CNN_I5R5/epoch5_ensem1_train1993-2000/predictions/pred_year2003.csv
预测结果已存在: /hpc2hdd/home/jliu043/CNN_Replicate/results/CNN_I5R5/epoch5_ensem1_train1993-2000/predictions/pred_year2004.csv
预测结果已存在: /hpc2hdd/home/jliu043/CNN_Replicate/results/CNN_I5R5/epoch5_ensem1_train1993-2000/predictions/pred_year2005.csv
预测结果已存在: /hpc2hdd/home/jliu043/CNN_Replicate/results/CNN_I5R5/epoch5_ensem1_train1993-2000/predictions/pred_year2006.csv
预测结果已存在: /hpc2hdd/home/jliu043/CNN_Replicate/results/CNN_I5R5/epoch5_ensem1_train1993-2000/predictions/pred_year2007.csv
预测结果已存在: /hpc2hdd/home/jliu043/CNN_Replicate/results/CNN_I5R5/epoch5_ensem1_train1993-2000/predictions/pred_year2008.csv
预测结果已存在: /hpc2hdd/home/jliu043/CNN_Replicate/results/CNN_I5R5/epoch5_ensem1_train1993-2000/predictions/pred_year2009.csv
预测结果已存在: /hpc2hdd/home/jliu043/CNN_Replicate/results/CNN_I5R5/epoch5_ensem1_train1993-2000/predictions/pred_year2010.csv
预测结果已存在: /hpc2hdd/home/jliu043/CNN_Replicate/results/CNN_I5R5/epoch5_ensem1_train1993-2000/predictions/pred_year2011.csv
预测结果已存在: /hpc2hdd/home/jliu043/CNN_Replicate/results/CNN_I5R5/epoch5_ensem1_train1993-2000/predictions/pred_year2012.csv
Found dataset files: /hpc2hdd/home/jliu043/CNN_Replicate/data/stocks_dataset/stocks_USA/dataset_daily_full/full_data_7404534_w5_y2013_5d_daily_has_vb_[5]_ma_2013_images.dat and /hpc2hdd/home/jliu043/CNN_Replicate/data/stocks_dataset/stocks_USA/dataset_daily_full/full_data_7404534_w5_y2013_5d_daily_has_vb_[5]_ma_2013_labels.feather
Loading images from /hpc2hdd/home/jliu043/CNN_Replicate/data/stocks_dataset/stocks_USA/dataset_daily_full/full_data_7404534_w5_y2013_5d_daily_has_vb_[5]_ma_2013_images.dat
Loading labels from /hpc2hdd/home/jliu043/CNN_Replicate/data/stocks_dataset/stocks_USA/dataset_daily_full/full_data_7404534_w5_y2013_5d_daily_has_vb_[5]_ma_2013_labels.feather
Warning: Number of images (3000000) does not match number of labels (1640522)
Loaded 1640522 samples
Loading mean and std from /hpc2hdd/home/jliu043/CNN_Replicate/data/stocks_dataset/stocks_USA/dataset_all/mean_std_5dweek_vbTrue_maTrue_2013.npz
Using Ret_week as label
Using None regression label (None represents classification label)
Initial number of samples: 1640522
Year 2013: filtered samples size: 1640522
使用 1 个模型进行集成预测...
预测结果已保存到 /hpc2hdd/home/jliu043/CNN_Replicate/results/CNN_I5R5/epoch5_ensem1_train1993-2000/predictions/pred_year2013.csv
Found dataset files: /hpc2hdd/home/jliu043/CNN_Replicate/data/stocks_dataset/stocks_USA/dataset_daily_full/full_data_7404535_w5_y2014_5d_daily_has_vb_[5]_ma_2014_images.dat and /hpc2hdd/home/jliu043/CNN_Replicate/data/stocks_dataset/stocks_USA/dataset_daily_full/full_data_7404535_w5_y2014_5d_daily_has_vb_[5]_ma_2014_labels.feather
Loading images from /hpc2hdd/home/jliu043/CNN_Replicate/data/stocks_dataset/stocks_USA/dataset_daily_full/full_data_7404535_w5_y2014_5d_daily_has_vb_[5]_ma_2014_images.dat
Loading labels from /hpc2hdd/home/jliu043/CNN_Replicate/data/stocks_dataset/stocks_USA/dataset_daily_full/full_data_7404535_w5_y2014_5d_daily_has_vb_[5]_ma_2014_labels.feather
Warning: Number of images (3000000) does not match number of labels (1703695)
Loaded 1703695 samples
Loading mean and std from /hpc2hdd/home/jliu043/CNN_Replicate/data/stocks_dataset/stocks_USA/dataset_all/mean_std_5dweek_vbTrue_maTrue_2014.npz
Using Ret_week as label
Using None regression label (None represents classification label)
Initial number of samples: 1703695
Year 2014: filtered samples size: 1703695
使用 1 个模型进行集成预测...
预测结果已保存到 /hpc2hdd/home/jliu043/CNN_Replicate/results/CNN_I5R5/epoch5_ensem1_train1993-2000/predictions/pred_year2014.csv
Found dataset files: /hpc2hdd/home/jliu043/CNN_Replicate/data/stocks_dataset/stocks_USA/dataset_daily_full/full_data_7404536_w5_y2015_5d_daily_has_vb_[5]_ma_2015_images.dat and /hpc2hdd/home/jliu043/CNN_Replicate/data/stocks_dataset/stocks_USA/dataset_daily_full/full_data_7404536_w5_y2015_5d_daily_has_vb_[5]_ma_2015_labels.feather
Loading images from /hpc2hdd/home/jliu043/CNN_Replicate/data/stocks_dataset/stocks_USA/dataset_daily_full/full_data_7404536_w5_y2015_5d_daily_has_vb_[5]_ma_2015_images.dat
Loading labels from /hpc2hdd/home/jliu043/CNN_Replicate/data/stocks_dataset/stocks_USA/dataset_daily_full/full_data_7404536_w5_y2015_5d_daily_has_vb_[5]_ma_2015_labels.feather
Warning: Number of images (3000000) does not match number of labels (1744279)
Loaded 1744279 samples
Loading mean and std from /hpc2hdd/home/jliu043/CNN_Replicate/data/stocks_dataset/stocks_USA/dataset_all/mean_std_5dweek_vbTrue_maTrue_2015.npz
Using Ret_week as label
Using None regression label (None represents classification label)
Initial number of samples: 1744279
Year 2015: filtered samples size: 1744279
使用 1 个模型进行集成预测...
预测结果已保存到 /hpc2hdd/home/jliu043/CNN_Replicate/results/CNN_I5R5/epoch5_ensem1_train1993-2000/predictions/pred_year2015.csv
Found dataset files: /hpc2hdd/home/jliu043/CNN_Replicate/data/stocks_dataset/stocks_USA/dataset_daily_full/full_data_7404537_w5_y2016_5d_daily_has_vb_[5]_ma_2016_images.dat and /hpc2hdd/home/jliu043/CNN_Replicate/data/stocks_dataset/stocks_USA/dataset_daily_full/full_data_7404537_w5_y2016_5d_daily_has_vb_[5]_ma_2016_labels.feather
Loading images from /hpc2hdd/home/jliu043/CNN_Replicate/data/stocks_dataset/stocks_USA/dataset_daily_full/full_data_7404537_w5_y2016_5d_daily_has_vb_[5]_ma_2016_images.dat
Loading labels from /hpc2hdd/home/jliu043/CNN_Replicate/data/stocks_dataset/stocks_USA/dataset_daily_full/full_data_7404537_w5_y2016_5d_daily_has_vb_[5]_ma_2016_labels.feather
Warning: Number of images (3000000) does not match number of labels (1738390)
Loaded 1738390 samples
Loading mean and std from /hpc2hdd/home/jliu043/CNN_Replicate/data/stocks_dataset/stocks_USA/dataset_all/mean_std_5dweek_vbTrue_maTrue_2016.npz
Using Ret_week as label
Using None regression label (None represents classification label)
Initial number of samples: 1738390
Year 2016: filtered samples size: 1738390
使用 1 个模型进行集成预测...
预测结果已保存到 /hpc2hdd/home/jliu043/CNN_Replicate/results/CNN_I5R5/epoch5_ensem1_train1993-2000/predictions/pred_year2016.csv
Found dataset files: /hpc2hdd/home/jliu043/CNN_Replicate/data/stocks_dataset/stocks_USA/dataset_daily_full/full_data_7404538_w5_y2017_5d_daily_has_vb_[5]_ma_2017_images.dat and /hpc2hdd/home/jliu043/CNN_Replicate/data/stocks_dataset/stocks_USA/dataset_daily_full/full_data_7404538_w5_y2017_5d_daily_has_vb_[5]_ma_2017_labels.feather
Loading images from /hpc2hdd/home/jliu043/CNN_Replicate/data/stocks_dataset/stocks_USA/dataset_daily_full/full_data_7404538_w5_y2017_5d_daily_has_vb_[5]_ma_2017_images.dat
Loading labels from /hpc2hdd/home/jliu043/CNN_Replicate/data/stocks_dataset/stocks_USA/dataset_daily_full/full_data_7404538_w5_y2017_5d_daily_has_vb_[5]_ma_2017_labels.feather
Warning: Number of images (3000000) does not match number of labels (1748946)
Loaded 1748946 samples
Loading mean and std from /hpc2hdd/home/jliu043/CNN_Replicate/data/stocks_dataset/stocks_USA/dataset_all/mean_std_5dweek_vbTrue_maTrue_2017.npz
Using Ret_week as label
Using None regression label (None represents classification label)
Initial number of samples: 1748946
Year 2017: filtered samples size: 1748946
使用 1 个模型进行集成预测...
预测结果已保存到 /hpc2hdd/home/jliu043/CNN_Replicate/results/CNN_I5R5/epoch5_ensem1_train1993-2000/predictions/pred_year2017.csv
Found dataset files: /hpc2hdd/home/jliu043/CNN_Replicate/data/stocks_dataset/stocks_USA/dataset_daily_full/full_data_7404539_w5_y2018_5d_daily_has_vb_[5]_ma_2018_images.dat and /hpc2hdd/home/jliu043/CNN_Replicate/data/stocks_dataset/stocks_USA/dataset_daily_full/full_data_7404539_w5_y2018_5d_daily_has_vb_[5]_ma_2018_labels.feather
Loading images from /hpc2hdd/home/jliu043/CNN_Replicate/data/stocks_dataset/stocks_USA/dataset_daily_full/full_data_7404539_w5_y2018_5d_daily_has_vb_[5]_ma_2018_images.dat
Loading labels from /hpc2hdd/home/jliu043/CNN_Replicate/data/stocks_dataset/stocks_USA/dataset_daily_full/full_data_7404539_w5_y2018_5d_daily_has_vb_[5]_ma_2018_labels.feather
Warning: Number of images (3000000) does not match number of labels (1791472)
Loaded 1791472 samples
Loading mean and std from /hpc2hdd/home/jliu043/CNN_Replicate/data/stocks_dataset/stocks_USA/dataset_all/mean_std_5dweek_vbTrue_maTrue_2018.npz
Using Ret_week as label
Using None regression label (None represents classification label)
Initial number of samples: 1791472
Year 2018: filtered samples size: 1791472
使用 1 个模型进行集成预测...
预测结果已保存到 /hpc2hdd/home/jliu043/CNN_Replicate/results/CNN_I5R5/epoch5_ensem1_train1993-2000/predictions/pred_year2018.csv
Found dataset files: /hpc2hdd/home/jliu043/CNN_Replicate/data/stocks_dataset/stocks_USA/dataset_daily_full/full_data_7404540_w5_y2019_5d_daily_has_vb_[5]_ma_2019_images.dat and /hpc2hdd/home/jliu043/CNN_Replicate/data/stocks_dataset/stocks_USA/dataset_daily_full/full_data_7404540_w5_y2019_5d_daily_has_vb_[5]_ma_2019_labels.feather
Loading images from /hpc2hdd/home/jliu043/CNN_Replicate/data/stocks_dataset/stocks_USA/dataset_daily_full/full_data_7404540_w5_y2019_5d_daily_has_vb_[5]_ma_2019_images.dat
Loading labels from /hpc2hdd/home/jliu043/CNN_Replicate/data/stocks_dataset/stocks_USA/dataset_daily_full/full_data_7404540_w5_y2019_5d_daily_has_vb_[5]_ma_2019_labels.feather
Warning: Number of images (3000000) does not match number of labels (1848951)
Loaded 1848951 samples
Loading mean and std from /hpc2hdd/home/jliu043/CNN_Replicate/data/stocks_dataset/stocks_USA/dataset_all/mean_std_5dweek_vbTrue_maTrue_2019.npz
Using Ret_week as label
Using None regression label (None represents classification label)
Initial number of samples: 1848951
Year 2019: filtered samples size: 1848951
使用 1 个模型进行集成预测...
预测结果已保存到 /hpc2hdd/home/jliu043/CNN_Replicate/results/CNN_I5R5/epoch5_ensem1_train1993-2000/predictions/pred_year2019.csv
=========================================================
任务完成时间: Sat 25 Oct 2025 01:35:50 AM CST
I5/R5 模型训练和测试完成
=========================================================