=========================================================
Job Array ID: 7406467_0
模型配置: I5/R5
运行节点: gpu1-15
开始时间: Fri 24 Oct 2025 09:48:07 PM CST
GPU信息:
Sat May 24 21:48:07 2025       
+---------------------------------------------------------------------------------------+
| NVIDIA-SMI 535.54.03              Driver Version: 535.54.03    CUDA Version: 12.2     |
|-----------------------------------------+----------------------+----------------------+
| GPU  Name                 Persistence-M | Bus-Id        Disp.A | Volatile Uncorr. ECC |
| Fan  Temp   Perf          Pwr:Usage/Cap |         Memory-Usage | GPU-Util  Compute M. |
|                                         |                      |               MIG M. |
|=========================================+======================+======================|
|   0  NVIDIA A800-SXM4-80GB          On  | 00000000:1F:00.0 Off |                    0 |
| N/A   27C    P0              58W / 400W |      5MiB / 81920MiB |      0%      Default |
|                                         |                      |             Disabled |
+-----------------------------------------+----------------------+----------------------+
                                                                                         
+---------------------------------------------------------------------------------------+
| Processes:                                                                            |
|  GPU   GI   CI        PID   Type   Process name                            GPU Memory |
|        ID   ID                                                             Usage      |
|=======================================================================================|
|  No running processes found                                                           |
+---------------------------------------------------------------------------------------+
=========================================================
Model will be saved to: /hpc2hdd/home/jliu043/CNN_Replicate/results/D5L2F53S11D11MP21F53S11D11MP21C64/5d5p-lr1E-04-dp0.50-maTrue-vbTrue-weeklyTrained-noDelayedReturn
Portfolio results will be saved to: /hpc2hdd/home/jliu043/CNN_Replicate/results/portfolio/USA_D5L2F53S11D11MP21F53S11D11MP21C64_5d5p-lr1E-04-dp0.50-maTrue-vbTrue-weeklyTrained-noDelayedReturn_ensem1

开始训练 I5/R5 模型...
开始训练 I5/R5 的 1 个模型...
训练模型 1/1 (I5/R5)
Found dataset files: /hpc2hdd/home/jliu043/CNN_Replicate/data/stocks_dataset/stocks_USA/dataset_daily_full/full_data_7404514_w5_y1993_5d_daily_has_vb_[5]_ma_1993_images.dat and /hpc2hdd/home/jliu043/CNN_Replicate/data/stocks_dataset/stocks_USA/dataset_daily_full/full_data_7404514_w5_y1993_5d_daily_has_vb_[5]_ma_1993_labels.feather
Loading images from /hpc2hdd/home/jliu043/CNN_Replicate/data/stocks_dataset/stocks_USA/dataset_daily_full/full_data_7404514_w5_y1993_5d_daily_has_vb_[5]_ma_1993_images.dat
Loading labels from /hpc2hdd/home/jliu043/CNN_Replicate/data/stocks_dataset/stocks_USA/dataset_daily_full/full_data_7404514_w5_y1993_5d_daily_has_vb_[5]_ma_1993_labels.feather
Warning: Number of images (3000000) does not match number of labels (1640934)
Loaded 1640934 samples
Loading mean and std from /hpc2hdd/home/jliu043/CNN_Replicate/data/stocks_dataset/stocks_USA/dataset_all/mean_std_5dweek_vbTrue_maTrue_1993.npz
Using Ret_week as label
Using None regression label (None represents classification label)
Initial number of samples: 1640934
Year 1993: filtered samples size: 1640934
Found dataset files: /hpc2hdd/home/jliu043/CNN_Replicate/data/stocks_dataset/stocks_USA/dataset_daily_full/full_data_7404515_w5_y1994_5d_daily_has_vb_[5]_ma_1994_images.dat and /hpc2hdd/home/jliu043/CNN_Replicate/data/stocks_dataset/stocks_USA/dataset_daily_full/full_data_7404515_w5_y1994_5d_daily_has_vb_[5]_ma_1994_labels.feather
Loading images from /hpc2hdd/home/jliu043/CNN_Replicate/data/stocks_dataset/stocks_USA/dataset_daily_full/full_data_7404515_w5_y1994_5d_daily_has_vb_[5]_ma_1994_images.dat
Loading labels from /hpc2hdd/home/jliu043/CNN_Replicate/data/stocks_dataset/stocks_USA/dataset_daily_full/full_data_7404515_w5_y1994_5d_daily_has_vb_[5]_ma_1994_labels.feather
Warning: Number of images (3000000) does not match number of labels (1806910)
Loaded 1806910 samples
Loading mean and std from /hpc2hdd/home/jliu043/CNN_Replicate/data/stocks_dataset/stocks_USA/dataset_all/mean_std_5dweek_vbTrue_maTrue_1994.npz
Using Ret_week as label
Using None regression label (None represents classification label)
Initial number of samples: 1806910
Year 1994: filtered samples size: 1806910
Found dataset files: /hpc2hdd/home/jliu043/CNN_Replicate/data/stocks_dataset/stocks_USA/dataset_daily_full/full_data_7404516_w5_y1995_5d_daily_has_vb_[5]_ma_1995_images.dat and /hpc2hdd/home/jliu043/CNN_Replicate/data/stocks_dataset/stocks_USA/dataset_daily_full/full_data_7404516_w5_y1995_5d_daily_has_vb_[5]_ma_1995_labels.feather
Loading images from /hpc2hdd/home/jliu043/CNN_Replicate/data/stocks_dataset/stocks_USA/dataset_daily_full/full_data_7404516_w5_y1995_5d_daily_has_vb_[5]_ma_1995_images.dat
Loading labels from /hpc2hdd/home/jliu043/CNN_Replicate/data/stocks_dataset/stocks_USA/dataset_daily_full/full_data_7404516_w5_y1995_5d_daily_has_vb_[5]_ma_1995_labels.feather
Warning: Number of images (3000000) does not match number of labels (1880160)
Loaded 1880160 samples
Loading mean and std from /hpc2hdd/home/jliu043/CNN_Replicate/data/stocks_dataset/stocks_USA/dataset_all/mean_std_5dweek_vbTrue_maTrue_1995.npz
Using Ret_week as label
Using None regression label (None represents classification label)
Initial number of samples: 1880160
Year 1995: filtered samples size: 1880160
Found dataset files: /hpc2hdd/home/jliu043/CNN_Replicate/data/stocks_dataset/stocks_USA/dataset_daily_full/full_data_7404517_w5_y1996_5d_daily_has_vb_[5]_ma_1996_images.dat and /hpc2hdd/home/jliu043/CNN_Replicate/data/stocks_dataset/stocks_USA/dataset_daily_full/full_data_7404517_w5_y1996_5d_daily_has_vb_[5]_ma_1996_labels.feather
Loading images from /hpc2hdd/home/jliu043/CNN_Replicate/data/stocks_dataset/stocks_USA/dataset_daily_full/full_data_7404517_w5_y1996_5d_daily_has_vb_[5]_ma_1996_images.dat
Loading labels from /hpc2hdd/home/jliu043/CNN_Replicate/data/stocks_dataset/stocks_USA/dataset_daily_full/full_data_7404517_w5_y1996_5d_daily_has_vb_[5]_ma_1996_labels.feather
Warning: Number of images (3000000) does not match number of labels (2029148)
Loaded 2029148 samples
Loading mean and std from /hpc2hdd/home/jliu043/CNN_Replicate/data/stocks_dataset/stocks_USA/dataset_all/mean_std_5dweek_vbTrue_maTrue_1996.npz
Using Ret_week as label
Using None regression label (None represents classification label)
Initial number of samples: 2029148
Year 1996: filtered samples size: 2029148
Found dataset files: /hpc2hdd/home/jliu043/CNN_Replicate/data/stocks_dataset/stocks_USA/dataset_daily_full/full_data_7404518_w5_y1997_5d_daily_has_vb_[5]_ma_1997_images.dat and /hpc2hdd/home/jliu043/CNN_Replicate/data/stocks_dataset/stocks_USA/dataset_daily_full/full_data_7404518_w5_y1997_5d_daily_has_vb_[5]_ma_1997_labels.feather
Loading images from /hpc2hdd/home/jliu043/CNN_Replicate/data/stocks_dataset/stocks_USA/dataset_daily_full/full_data_7404518_w5_y1997_5d_daily_has_vb_[5]_ma_1997_images.dat
Loading labels from /hpc2hdd/home/jliu043/CNN_Replicate/data/stocks_dataset/stocks_USA/dataset_daily_full/full_data_7404518_w5_y1997_5d_daily_has_vb_[5]_ma_1997_labels.feather
Warning: Number of images (3000000) does not match number of labels (2125859)
Loaded 2125859 samples
Loading mean and std from /hpc2hdd/home/jliu043/CNN_Replicate/data/stocks_dataset/stocks_USA/dataset_all/mean_std_5dweek_vbTrue_maTrue_1997.npz
Using Ret_week as label
Using None regression label (None represents classification label)
Initial number of samples: 2125859
Year 1997: filtered samples size: 2125859
Found dataset files: /hpc2hdd/home/jliu043/CNN_Replicate/data/stocks_dataset/stocks_USA/dataset_daily_full/full_data_7404519_w5_y1998_5d_daily_has_vb_[5]_ma_1998_images.dat and /hpc2hdd/home/jliu043/CNN_Replicate/data/stocks_dataset/stocks_USA/dataset_daily_full/full_data_7404519_w5_y1998_5d_daily_has_vb_[5]_ma_1998_labels.feather
Loading images from /hpc2hdd/home/jliu043/CNN_Replicate/data/stocks_dataset/stocks_USA/dataset_daily_full/full_data_7404519_w5_y1998_5d_daily_has_vb_[5]_ma_1998_images.dat
Loading labels from /hpc2hdd/home/jliu043/CNN_Replicate/data/stocks_dataset/stocks_USA/dataset_daily_full/full_data_7404519_w5_y1998_5d_daily_has_vb_[5]_ma_1998_labels.feather
Warning: Number of images (3000000) does not match number of labels (2110110)
Loaded 2110110 samples
Loading mean and std from /hpc2hdd/home/jliu043/CNN_Replicate/data/stocks_dataset/stocks_USA/dataset_all/mean_std_5dweek_vbTrue_maTrue_1998.npz
Using Ret_week as label
Using None regression label (None represents classification label)
Initial number of samples: 2110110
Year 1998: filtered samples size: 2110110
Found dataset files: /hpc2hdd/home/jliu043/CNN_Replicate/data/stocks_dataset/stocks_USA/dataset_daily_full/full_data_7404520_w5_y1999_5d_daily_has_vb_[5]_ma_1999_images.dat and /hpc2hdd/home/jliu043/CNN_Replicate/data/stocks_dataset/stocks_USA/dataset_daily_full/full_data_7404520_w5_y1999_5d_daily_has_vb_[5]_ma_1999_labels.feather
Loading images from /hpc2hdd/home/jliu043/CNN_Replicate/data/stocks_dataset/stocks_USA/dataset_daily_full/full_data_7404520_w5_y1999_5d_daily_has_vb_[5]_ma_1999_images.dat
Loading labels from /hpc2hdd/home/jliu043/CNN_Replicate/data/stocks_dataset/stocks_USA/dataset_daily_full/full_data_7404520_w5_y1999_5d_daily_has_vb_[5]_ma_1999_labels.feather
Warning: Number of images (3000000) does not match number of labels (2004587)
Loaded 2004587 samples
Loading mean and std from /hpc2hdd/home/jliu043/CNN_Replicate/data/stocks_dataset/stocks_USA/dataset_all/mean_std_5dweek_vbTrue_maTrue_1999.npz
Using Ret_week as label
Using None regression label (None represents classification label)
Initial number of samples: 2004587
Year 1999: filtered samples size: 2004587
Found dataset files: /hpc2hdd/home/jliu043/CNN_Replicate/data/stocks_dataset/stocks_USA/dataset_daily_full/full_data_7404521_w5_y2000_5d_daily_has_vb_[5]_ma_2000_images.dat and /hpc2hdd/home/jliu043/CNN_Replicate/data/stocks_dataset/stocks_USA/dataset_daily_full/full_data_7404521_w5_y2000_5d_daily_has_vb_[5]_ma_2000_labels.feather
Loading images from /hpc2hdd/home/jliu043/CNN_Replicate/data/stocks_dataset/stocks_USA/dataset_daily_full/full_data_7404521_w5_y2000_5d_daily_has_vb_[5]_ma_2000_images.dat
Loading labels from /hpc2hdd/home/jliu043/CNN_Replicate/data/stocks_dataset/stocks_USA/dataset_daily_full/full_data_7404521_w5_y2000_5d_daily_has_vb_[5]_ma_2000_labels.feather
Warning: Number of images (3000000) does not match number of labels (1968327)
Loaded 1968327 samples
Loading mean and std from /hpc2hdd/home/jliu043/CNN_Replicate/data/stocks_dataset/stocks_USA/dataset_all/mean_std_5dweek_vbTrue_maTrue_2000.npz
Using Ret_week as label
Using None regression label (None represents classification label)
Initial number of samples: 1968327
I5R5: removing tail for year 2000 (1968327 samples)
Year 2000: filtered samples size: 1937572
总样本数: 15535280
训练集: 10874696样本 (70%)
验证集: 4660584样本 (30%)
训练设备: cuda:0
CNNModel(
  (conv_layers): Sequential(
    (0): Sequential(
      (0): Conv2d(1, 64, kernel_size=(5, 3), stride=(1, 1), padding=(2, 1))
      (1): BatchNorm2d(64, eps=1e-05, momentum=0.1, affine=True, track_running_stats=True)
      (2): LeakyReLU(negative_slope=0.01)
      (3): MaxPool2d(kernel_size=(2, 1), stride=(2, 1), padding=0, dilation=1, ceil_mode=True)
    )
    (1): Sequential(
      (0): Conv2d(64, 128, kernel_size=(5, 3), stride=(1, 1), padding=(2, 1))
      (1): BatchNorm2d(128, eps=1e-05, momentum=0.1, affine=True, track_running_stats=True)
      (2): LeakyReLU(negative_slope=0.01)
      (3): MaxPool2d(kernel_size=(2, 1), stride=(2, 1), padding=0, dilation=1, ceil_mode=True)
    )
    (2): Flatten()
    (3): Dropout(p=0.5, inplace=False)
  )
  (fc): Linear(in_features=15360, out_features=2, bias=True)
)
Epoch 0/29 (train): Loss: 0.3210, Acc: 0.9031, MCC: 0.0002
Epoch 0/29 (validate): Loss: 0.3164, Acc: 0.9034, MCC: nan
Epoch 0: 发现更好的模型，验证损失: 0.3164
Epoch 1/29 (train): Loss: 0.3167, Acc: 0.9034, MCC: nan
Epoch 1/29 (validate): Loss: 0.3161, Acc: 0.9034, MCC: nan
Epoch 1: 发现更好的模型，验证损失: 0.3161
Epoch 2/29 (train): Loss: 0.3164, Acc: 0.9034, MCC: nan
Epoch 2/29 (validate): Loss: 0.3161, Acc: 0.9034, MCC: nan
Epoch 3/29 (train): Loss: 0.3163, Acc: 0.9034, MCC: nan
Epoch 3/29 (validate): Loss: 0.3159, Acc: 0.9034, MCC: nan
Epoch 3: 发现更好的模型，验证损失: 0.3159
Epoch 4/29 (train): Loss: 0.3163, Acc: 0.9034, MCC: nan
Epoch 4/29 (validate): Loss: 0.3159, Acc: 0.9034, MCC: nan
Epoch 4: 发现更好的模型，验证损失: 0.3159
Epoch 5/29 (train): Loss: 0.3162, Acc: 0.9034, MCC: nan
Epoch 5/29 (validate): Loss: 0.3159, Acc: 0.9034, MCC: nan
Epoch 5: 发现更好的模型，验证损失: 0.3159
Epoch 6/29 (train): Loss: 0.3162, Acc: 0.9034, MCC: nan
Epoch 6/29 (validate): Loss: 0.3160, Acc: 0.9034, MCC: nan
Epoch 7/29 (train): Loss: 0.3162, Acc: 0.9034, MCC: nan
Epoch 7/29 (validate): Loss: 0.3158, Acc: 0.9034, MCC: nan
Epoch 7: 发现更好的模型，验证损失: 0.3158
Epoch 8/29 (train): Loss: 0.3162, Acc: 0.9034, MCC: nan
Epoch 8/29 (validate): Loss: 0.3159, Acc: 0.9034, MCC: nan
Epoch 9/29 (train): Loss: 0.3162, Acc: 0.9034, MCC: nan
Epoch 9/29 (validate): Loss: 0.3159, Acc: 0.9034, MCC: nan
Early stopping at epoch 9, best epoch was 7
训练完成，用时 128分 6秒
最佳验证损失: 0.3158 (Epoch 7)
=========================================================
任务完成时间: Fri 24 Oct 2025 11:56:55 PM CST
I5/R5 模型训练和测试完成
=========================================================